<?xml version="1.0" encoding="UTF-8"?>
<testsuite xmlns:xsi="http://www.w3.org/2001/XMLSchema-instance" xsi:noNamespaceSchemaLocation="https://maven.apache.org/surefire/maven-surefire-plugin/xsd/surefire-test-report.xsd" name="robot.Robot1" time="6.23" tests="1" errors="0" skipped="0" failures="0">
  <properties>
    <property name="java.specification.version" value="14"/>
    <property name="sun.cpu.isalist" value="amd64"/>
    <property name="sun.jnu.encoding" value="Cp1252"/>
    <property name="java.class.path" value="I:\Courses and materials\Practice scripts\com.myselenium.ether\robot\target\test-classes;I:\Courses and materials\Practice scripts\com.myselenium.ether\robot\target\classes;C:\WINDOWS\system32\config\systemprofile\.m2\repository\org\junit\jupiter\junit-jupiter-api\5.1.0\junit-jupiter-api-5.1.0.jar;C:\WINDOWS\system32\config\systemprofile\.m2\repository\org\apiguardian\apiguardian-api\1.0.0\apiguardian-api-1.0.0.jar;C:\WINDOWS\system32\config\systemprofile\.m2\repository\org\opentest4j\opentest4j\1.0.0\opentest4j-1.0.0.jar;C:\WINDOWS\system32\config\systemprofile\.m2\repository\org\junit\platform\junit-platform-commons\1.1.0\junit-platform-commons-1.1.0.jar;C:\WINDOWS\system32\config\systemprofile\.m2\repository\org\seleniumhq\selenium\selenium-java\3.141.59\selenium-java-3.141.59.jar;C:\WINDOWS\system32\config\systemprofile\.m2\repository\org\seleniumhq\selenium\selenium-edge-driver\3.141.59\selenium-edge-driver-3.141.59.jar;C:\WINDOWS\system32\config\systemprofile\.m2\repository\org\seleniumhq\selenium\selenium-ie-driver\3.141.59\selenium-ie-driver-3.141.59.jar;C:\WINDOWS\system32\config\systemprofile\.m2\repository\org\seleniumhq\selenium\selenium-opera-driver\3.141.59\selenium-opera-driver-3.141.59.jar;C:\WINDOWS\system32\config\systemprofile\.m2\repository\org\seleniumhq\selenium\selenium-safari-driver\3.141.59\selenium-safari-driver-3.141.59.jar;C:\WINDOWS\system32\config\systemprofile\.m2\repository\org\seleniumhq\selenium\selenium-support\3.141.59\selenium-support-3.141.59.jar;C:\WINDOWS\system32\config\systemprofile\.m2\repository\net\bytebuddy\byte-buddy\1.8.15\byte-buddy-1.8.15.jar;C:\WINDOWS\system32\config\systemprofile\.m2\repository\org\apache\commons\commons-exec\1.3\commons-exec-1.3.jar;C:\WINDOWS\system32\config\systemprofile\.m2\repository\com\google\guava\guava\25.0-jre\guava-25.0-jre.jar;C:\WINDOWS\system32\config\systemprofile\.m2\repository\com\google\code\findbugs\jsr305\1.3.9\jsr305-1.3.9.jar;C:\WINDOWS\system32\config\systemprofile\.m2\repository\org\checkerframework\checker-compat-qual\2.0.0\checker-compat-qual-2.0.0.jar;C:\WINDOWS\system32\config\systemprofile\.m2\repository\com\google\errorprone\error_prone_annotations\2.1.3\error_prone_annotations-2.1.3.jar;C:\WINDOWS\system32\config\systemprofile\.m2\repository\com\google\j2objc\j2objc-annotations\1.1\j2objc-annotations-1.1.jar;C:\WINDOWS\system32\config\systemprofile\.m2\repository\org\codehaus\mojo\animal-sniffer-annotations\1.14\animal-sniffer-annotations-1.14.jar;C:\WINDOWS\system32\config\systemprofile\.m2\repository\com\squareup\okhttp3\okhttp\3.11.0\okhttp-3.11.0.jar;C:\WINDOWS\system32\config\systemprofile\.m2\repository\com\squareup\okio\okio\1.14.0\okio-1.14.0.jar;C:\WINDOWS\system32\config\systemprofile\.m2\repository\org\seleniumhq\selenium\selenium-server\3.141.59\selenium-server-3.141.59.jar;C:\WINDOWS\system32\config\systemprofile\.m2\repository\com\beust\jcommander\1.72\jcommander-1.72.jar;C:\WINDOWS\system32\config\systemprofile\.m2\repository\net\jcip\jcip-annotations\1.0\jcip-annotations-1.0.jar;C:\WINDOWS\system32\config\systemprofile\.m2\repository\org\seleniumhq\selenium\jetty-repacked\9.4.12.v20180830\jetty-repacked-9.4.12.v20180830.jar;C:\WINDOWS\system32\config\systemprofile\.m2\repository\javax\servlet\javax.servlet-api\3.1.0\javax.servlet-api-3.1.0.jar;C:\WINDOWS\system32\config\systemprofile\.m2\repository\org\yaml\snakeyaml\1.19\snakeyaml-1.19.jar;C:\WINDOWS\system32\config\systemprofile\.m2\repository\org\seleniumhq\selenium\selenium-remote-driver\3.141.59\selenium-remote-driver-3.141.59.jar;C:\WINDOWS\system32\config\systemprofile\.m2\repository\org\seleniumhq\selenium\selenium-chrome-driver\3.141.59\selenium-chrome-driver-3.141.59.jar;C:\WINDOWS\system32\config\systemprofile\.m2\repository\org\seleniumhq\selenium\selenium-firefox-driver\3.141.59\selenium-firefox-driver-3.141.59.jar;C:\WINDOWS\system32\config\systemprofile\.m2\repository\org\testng\testng\7.1.0\testng-7.1.0.jar;C:\WINDOWS\system32\config\systemprofile\.m2\repository\com\google\inject\guice\4.1.0\guice-4.1.0-no_aop.jar;C:\WINDOWS\system32\config\systemprofile\.m2\repository\javax\inject\javax.inject\1\javax.inject-1.jar;C:\WINDOWS\system32\config\systemprofile\.m2\repository\aopalliance\aopalliance\1.0\aopalliance-1.0.jar;C:\WINDOWS\system32\config\systemprofile\.m2\repository\org\seleniumhq\selenium\selenium-api\3.141.59\selenium-api-3.141.59.jar;C:\WINDOWS\system32\config\systemprofile\.m2\repository\org\apache\maven\maven-project\3.0-alpha-2\maven-project-3.0-alpha-2.jar;C:\WINDOWS\system32\config\systemprofile\.m2\repository\org\apache\maven\maven-model\3.0-alpha-2\maven-model-3.0-alpha-2.jar;C:\WINDOWS\system32\config\systemprofile\.m2\repository\org\codehaus\plexus\plexus-utils\1.5.6\plexus-utils-1.5.6.jar;C:\WINDOWS\system32\config\systemprofile\.m2\repository\org\codehaus\plexus\plexus-interpolation\1.1\plexus-interpolation-1.1.jar;C:\WINDOWS\system32\config\systemprofile\.m2\repository\org\apache\maven\maven-compat\3.0-alpha-2\maven-compat-3.0-alpha-2.jar;C:\WINDOWS\system32\config\systemprofile\.m2\repository\org\codehaus\plexus\plexus-component-annotations\1.0-beta-3.0.5\plexus-component-annotations-1.0-beta-3.0.5.jar;C:\WINDOWS\system32\config\systemprofile\.m2\repository\org\apache\maven\wagon\wagon-provider-api\1.0-beta-4\wagon-provider-api-1.0-beta-4.jar;C:\WINDOWS\system32\config\systemprofile\.m2\repository\org\codehaus\plexus\plexus-container-default\1.0-beta-3.0.5\plexus-container-default-1.0-beta-3.0.5.jar;C:\WINDOWS\system32\config\systemprofile\.m2\repository\org\codehaus\plexus\plexus-classworlds\1.4\plexus-classworlds-1.4.jar;C:\WINDOWS\system32\config\systemprofile\.m2\repository\org\apache\xbean\xbean-reflect\3.4\xbean-reflect-3.4.jar;C:\WINDOWS\system32\config\systemprofile\.m2\repository\log4j\log4j\1.2.12\log4j-1.2.12.jar;C:\WINDOWS\system32\config\systemprofile\.m2\repository\commons-logging\commons-logging-api\1.1\commons-logging-api-1.1.jar;C:\WINDOWS\system32\config\systemprofile\.m2\repository\com\google\code\google-collections\google-collect\snapshot-20080530\google-collect-snapshot-20080530.jar;C:\WINDOWS\system32\config\systemprofile\.m2\repository\org\codehaus\woodstox\wstx-asl\3.2.6\wstx-asl-3.2.6.jar;C:\WINDOWS\system32\config\systemprofile\.m2\repository\stax\stax-api\1.0.1\stax-api-1.0.1.jar;C:\WINDOWS\system32\config\systemprofile\.m2\repository\org\sonatype\spice\model-builder\1.3\model-builder-1.3.jar;C:\WINDOWS\system32\config\systemprofile\.m2\repository\org\apache\maven\maven-project-builder\3.0-alpha-2\maven-project-builder-3.0-alpha-2.jar;C:\WINDOWS\system32\config\systemprofile\.m2\repository\org\apache\maven\plugins\maven-dependency-plugin\3.0.1\maven-dependency-plugin-3.0.1.jar;C:\WINDOWS\system32\config\systemprofile\.m2\repository\org\apache\maven\maven-artifact\3.0\maven-artifact-3.0.jar;C:\WINDOWS\system32\config\systemprofile\.m2\repository\org\apache\maven\maven-plugin-api\3.0\maven-plugin-api-3.0.jar;C:\WINDOWS\system32\config\systemprofile\.m2\repository\org\sonatype\sisu\sisu-inject-plexus\1.4.2\sisu-inject-plexus-1.4.2.jar;C:\WINDOWS\system32\config\systemprofile\.m2\repository\org\sonatype\sisu\sisu-inject-bean\1.4.2\sisu-inject-bean-1.4.2.jar;C:\WINDOWS\system32\config\systemprofile\.m2\repository\org\sonatype\sisu\sisu-guice\2.1.7\sisu-guice-2.1.7-noaop.jar;C:\WINDOWS\system32\config\systemprofile\.m2\repository\org\apache\maven\maven-core\3.0\maven-core-3.0.jar;C:\WINDOWS\system32\config\systemprofile\.m2\repository\org\apache\maven\maven-settings\3.0\maven-settings-3.0.jar;C:\WINDOWS\system32\config\systemprofile\.m2\repository\org\apache\maven\maven-settings-builder\3.0\maven-settings-builder-3.0.jar;C:\WINDOWS\system32\config\systemprofile\.m2\repository\org\apache\maven\maven-model-builder\3.0\maven-model-builder-3.0.jar;C:\WINDOWS\system32\config\systemprofile\.m2\repository\org\apache\maven\maven-aether-provider\3.0\maven-aether-provider-3.0.jar;C:\WINDOWS\system32\config\systemprofile\.m2\repository\org\sonatype\aether\aether-impl\1.7\aether-impl-1.7.jar;C:\WINDOWS\system32\config\systemprofile\.m2\repository\org\sonatype\aether\aether-spi\1.7\aether-spi-1.7.jar;C:\WINDOWS\system32\config\systemprofile\.m2\repository\org\sonatype\aether\aether-api\1.7\aether-api-1.7.jar;C:\WINDOWS\system32\config\systemprofile\.m2\repository\org\sonatype\aether\aether-util\1.7\aether-util-1.7.jar;C:\WINDOWS\system32\config\systemprofile\.m2\repository\org\sonatype\plexus\plexus-sec-dispatcher\1.3\plexus-sec-dispatcher-1.3.jar;C:\WINDOWS\system32\config\systemprofile\.m2\repository\org\sonatype\plexus\plexus-cipher\1.4\plexus-cipher-1.4.jar;C:\WINDOWS\system32\config\systemprofile\.m2\repository\org\apache\maven\maven-repository-metadata\3.0\maven-repository-metadata-3.0.jar;C:\WINDOWS\system32\config\systemprofile\.m2\repository\org\apache\maven\reporting\maven-reporting-api\3.0\maven-reporting-api-3.0.jar;C:\WINDOWS\system32\config\systemprofile\.m2\repository\org\apache\maven\reporting\maven-reporting-impl\2.3\maven-reporting-impl-2.3.jar;C:\WINDOWS\system32\config\systemprofile\.m2\repository\org\apache\maven\shared\maven-shared-utils\0.6\maven-shared-utils-0.6.jar;C:\WINDOWS\system32\config\systemprofile\.m2\repository\org\apache\maven\doxia\doxia-core\1.2\doxia-core-1.2.jar;C:\WINDOWS\system32\config\systemprofile\.m2\repository\xerces\xercesImpl\2.9.1\xercesImpl-2.9.1.jar;C:\WINDOWS\system32\config\systemprofile\.m2\repository\xml-apis\xml-apis\1.3.04\xml-apis-1.3.04.jar;C:\WINDOWS\system32\config\systemprofile\.m2\repository\org\apache\httpcomponents\httpclient\4.0.2\httpclient-4.0.2.jar;C:\WINDOWS\system32\config\systemprofile\.m2\repository\org\apache\httpcomponents\httpcore\4.0.1\httpcore-4.0.1.jar;C:\WINDOWS\system32\config\systemprofile\.m2\repository\commons-validator\commons-validator\1.3.1\commons-validator-1.3.1.jar;C:\WINDOWS\system32\config\systemprofile\.m2\repository\commons-beanutils\commons-beanutils\1.7.0\commons-beanutils-1.7.0.jar;C:\WINDOWS\system32\config\systemprofile\.m2\repository\commons-digester\commons-digester\1.6\commons-digester-1.6.jar;C:\WINDOWS\system32\config\systemprofile\.m2\repository\commons-logging\commons-logging\1.0.4\commons-logging-1.0.4.jar;C:\WINDOWS\system32\config\systemprofile\.m2\repository\org\apache\maven\doxia\doxia-sink-api\1.4\doxia-sink-api-1.4.jar;C:\WINDOWS\system32\config\systemprofile\.m2\repository\org\apache\maven\doxia\doxia-logging-api\1.4\doxia-logging-api-1.4.jar;C:\WINDOWS\system32\config\systemprofile\.m2\repository\org\apache\maven\doxia\doxia-site-renderer\1.4\doxia-site-renderer-1.4.jar;C:\WINDOWS\system32\config\systemprofile\.m2\repository\org\apache\maven\doxia\doxia-decoration-model\1.4\doxia-decoration-model-1.4.jar;C:\WINDOWS\system32\config\systemprofile\.m2\repository\org\apache\maven\doxia\doxia-module-xhtml\1.4\doxia-module-xhtml-1.4.jar;C:\WINDOWS\system32\config\systemprofile\.m2\repository\org\apache\maven\doxia\doxia-module-fml\1.4\doxia-module-fml-1.4.jar;C:\WINDOWS\system32\config\systemprofile\.m2\repository\org\codehaus\plexus\plexus-i18n\1.0-beta-7\plexus-i18n-1.0-beta-7.jar;C:\WINDOWS\system32\config\systemprofile\.m2\repository\org\codehaus\plexus\plexus-velocity\1.1.7\plexus-velocity-1.1.7.jar;C:\WINDOWS\system32\config\systemprofile\.m2\repository\org\apache\velocity\velocity\1.5\velocity-1.5.jar;C:\WINDOWS\system32\config\systemprofile\.m2\repository\oro\oro\2.0.8\oro-2.0.8.jar;C:\WINDOWS\system32\config\systemprofile\.m2\repository\org\apache\velocity\velocity-tools\2.0\velocity-tools-2.0.jar;C:\WINDOWS\system32\config\systemprofile\.m2\repository\commons-chain\commons-chain\1.1\commons-chain-1.1.jar;C:\WINDOWS\system32\config\systemprofile\.m2\repository\dom4j\dom4j\1.1\dom4j-1.1.jar;C:\WINDOWS\system32\config\systemprofile\.m2\repository\sslext\sslext\1.2-0\sslext-1.2-0.jar;C:\WINDOWS\system32\config\systemprofile\.m2\repository\org\apache\struts\struts-core\1.3.8\struts-core-1.3.8.jar;C:\WINDOWS\system32\config\systemprofile\.m2\repository\antlr\antlr\2.7.2\antlr-2.7.2.jar;C:\WINDOWS\system32\config\systemprofile\.m2\repository\org\apache\struts\struts-taglib\1.3.8\struts-taglib-1.3.8.jar;C:\WINDOWS\system32\config\systemprofile\.m2\repository\org\apache\struts\struts-tiles\1.3.8\struts-tiles-1.3.8.jar;C:\WINDOWS\system32\config\systemprofile\.m2\repository\org\codehaus\plexus\plexus-archiver\3.4\plexus-archiver-3.4.jar;C:\WINDOWS\system32\config\systemprofile\.m2\repository\org\iq80\snappy\snappy\0.4\snappy-0.4.jar;C:\WINDOWS\system32\config\systemprofile\.m2\repository\org\tukaani\xz\1.5\xz-1.5.jar;C:\WINDOWS\system32\config\systemprofile\.m2\repository\org\apache\maven\shared\file-management\1.2.1\file-management-1.2.1.jar;C:\WINDOWS\system32\config\systemprofile\.m2\repository\org\apache\maven\shared\maven-shared-io\1.1\maven-shared-io-1.1.jar;C:\WINDOWS\system32\config\systemprofile\.m2\repository\org\codehaus\plexus\plexus-io\2.4\plexus-io-2.4.jar;C:\WINDOWS\system32\config\systemprofile\.m2\repository\org\apache\maven\shared\maven-dependency-analyzer\1.7\maven-dependency-analyzer-1.7.jar;C:\WINDOWS\system32\config\systemprofile\.m2\repository\org\ow2\asm\asm\5.0.2\asm-5.0.2.jar;C:\WINDOWS\system32\config\systemprofile\.m2\repository\org\apache\maven\shared\maven-dependency-tree\3.0.1\maven-dependency-tree-3.0.1.jar;C:\WINDOWS\system32\config\systemprofile\.m2\repository\org\eclipse\aether\aether-util\0.9.0.M2\aether-util-0.9.0.M2.jar;C:\WINDOWS\system32\config\systemprofile\.m2\repository\org\apache\maven\shared\maven-common-artifact-filters\3.0.1\maven-common-artifact-filters-3.0.1.jar;C:\WINDOWS\system32\config\systemprofile\.m2\repository\org\apache\maven\shared\maven-artifact-transfer\0.9.1\maven-artifact-transfer-0.9.1.jar;C:\WINDOWS\system32\config\systemprofile\.m2\repository\org\slf4j\slf4j-api\1.7.5\slf4j-api-1.7.5.jar;C:\WINDOWS\system32\config\systemprofile\.m2\repository\commons-lang\commons-lang\2.6\commons-lang-2.6.jar;C:\WINDOWS\system32\config\systemprofile\.m2\repository\commons-collections\commons-collections\3.2.2\commons-collections-3.2.2.jar;C:\WINDOWS\system32\config\systemprofile\.m2\repository\classworlds\classworlds\1.1\classworlds-1.1.jar;C:\WINDOWS\system32\config\systemprofile\.m2\repository\commons-io\commons-io\2.6\commons-io-2.6.jar;C:\WINDOWS\system32\config\systemprofile\.m2\repository\org\apache\poi\poi\4.0.0\poi-4.0.0.jar;C:\WINDOWS\system32\config\systemprofile\.m2\repository\commons-codec\commons-codec\1.10\commons-codec-1.10.jar;C:\WINDOWS\system32\config\systemprofile\.m2\repository\org\apache\commons\commons-collections4\4.2\commons-collections4-4.2.jar;C:\WINDOWS\system32\config\systemprofile\.m2\repository\org\apache\poi\poi-ooxml\4.0.0\poi-ooxml-4.0.0.jar;C:\WINDOWS\system32\config\systemprofile\.m2\repository\org\apache\poi\poi-ooxml-schemas\4.0.0\poi-ooxml-schemas-4.0.0.jar;C:\WINDOWS\system32\config\systemprofile\.m2\repository\org\apache\xmlbeans\xmlbeans\3.0.1\xmlbeans-3.0.1.jar;C:\WINDOWS\system32\config\systemprofile\.m2\repository\org\apache\commons\commons-compress\1.18\commons-compress-1.18.jar;C:\WINDOWS\system32\config\systemprofile\.m2\repository\com\github\virtuald\curvesapi\1.04\curvesapi-1.04.jar;C:\WINDOWS\system32\config\systemprofile\.m2\repository\io\cucumber\cucumber-junit\1.2.6\cucumber-junit-1.2.6.jar;C:\WINDOWS\system32\config\systemprofile\.m2\repository\io\cucumber\cucumber-core\1.2.6\cucumber-core-1.2.6.jar;C:\WINDOWS\system32\config\systemprofile\.m2\repository\junit\junit\4.12\junit-4.12.jar;C:\WINDOWS\system32\config\systemprofile\.m2\repository\org\hamcrest\hamcrest-core\1.3\hamcrest-core-1.3.jar;C:\WINDOWS\system32\config\systemprofile\.m2\repository\info\cukes\cucumber-java\1.2.5\cucumber-java-1.2.5.jar;C:\WINDOWS\system32\config\systemprofile\.m2\repository\info\cukes\cucumber-core\1.2.5\cucumber-core-1.2.5.jar;C:\WINDOWS\system32\config\systemprofile\.m2\repository\info\cukes\cucumber-html\0.2.3\cucumber-html-0.2.3.jar;C:\WINDOWS\system32\config\systemprofile\.m2\repository\info\cukes\cucumber-jvm-deps\1.0.5\cucumber-jvm-deps-1.0.5.jar;C:\WINDOWS\system32\config\systemprofile\.m2\repository\info\cukes\gherkin\2.12.2\gherkin-2.12.2.jar;C:\WINDOWS\system32\config\systemprofile\.m2\repository\com\codoid\products\fillo\1.18\fillo-1.18.jar;"/>
    <property name="java.vm.vendor" value="Oracle Corporation"/>
    <property name="sun.arch.data.model" value="64"/>
    <property name="user.variant" value=""/>
    <property name="java.vendor.url" value="https://java.oracle.com/"/>
    <property name="user.timezone" value="Asia/Calcutta"/>
    <property name="os.name" value="Windows 10"/>
    <property name="java.vm.specification.version" value="14"/>
    <property name="sun.java.launcher" value="SUN_STANDARD"/>
    <property name="user.country" value="US"/>
    <property name="sun.boot.library.path" value="C:\Program Files\Java\jdk-14.0.1\bin"/>
    <property name="sun.java.command" value="C:\WINDOWS\TEMP\surefire3003335400130000255\surefirebooter2045119752728345203.jar C:\Windows\Temp\surefire3003335400130000255 2020-05-29T15-12-38_352-jvmRun1 surefire5891366473469231693tmp surefire_06593463425424774153tmp"/>
    <property name="jdk.debug" value="release"/>
    <property name="test" value="Robot1"/>
    <property name="surefire.test.class.path" value="I:\Courses and materials\Practice scripts\com.myselenium.ether\robot\target\test-classes;I:\Courses and materials\Practice scripts\com.myselenium.ether\robot\target\classes;C:\WINDOWS\system32\config\systemprofile\.m2\repository\org\junit\jupiter\junit-jupiter-api\5.1.0\junit-jupiter-api-5.1.0.jar;C:\WINDOWS\system32\config\systemprofile\.m2\repository\org\apiguardian\apiguardian-api\1.0.0\apiguardian-api-1.0.0.jar;C:\WINDOWS\system32\config\systemprofile\.m2\repository\org\opentest4j\opentest4j\1.0.0\opentest4j-1.0.0.jar;C:\WINDOWS\system32\config\systemprofile\.m2\repository\org\junit\platform\junit-platform-commons\1.1.0\junit-platform-commons-1.1.0.jar;C:\WINDOWS\system32\config\systemprofile\.m2\repository\org\seleniumhq\selenium\selenium-java\3.141.59\selenium-java-3.141.59.jar;C:\WINDOWS\system32\config\systemprofile\.m2\repository\org\seleniumhq\selenium\selenium-edge-driver\3.141.59\selenium-edge-driver-3.141.59.jar;C:\WINDOWS\system32\config\systemprofile\.m2\repository\org\seleniumhq\selenium\selenium-ie-driver\3.141.59\selenium-ie-driver-3.141.59.jar;C:\WINDOWS\system32\config\systemprofile\.m2\repository\org\seleniumhq\selenium\selenium-opera-driver\3.141.59\selenium-opera-driver-3.141.59.jar;C:\WINDOWS\system32\config\systemprofile\.m2\repository\org\seleniumhq\selenium\selenium-safari-driver\3.141.59\selenium-safari-driver-3.141.59.jar;C:\WINDOWS\system32\config\systemprofile\.m2\repository\org\seleniumhq\selenium\selenium-support\3.141.59\selenium-support-3.141.59.jar;C:\WINDOWS\system32\config\systemprofile\.m2\repository\net\bytebuddy\byte-buddy\1.8.15\byte-buddy-1.8.15.jar;C:\WINDOWS\system32\config\systemprofile\.m2\repository\org\apache\commons\commons-exec\1.3\commons-exec-1.3.jar;C:\WINDOWS\system32\config\systemprofile\.m2\repository\com\google\guava\guava\25.0-jre\guava-25.0-jre.jar;C:\WINDOWS\system32\config\systemprofile\.m2\repository\com\google\code\findbugs\jsr305\1.3.9\jsr305-1.3.9.jar;C:\WINDOWS\system32\config\systemprofile\.m2\repository\org\checkerframework\checker-compat-qual\2.0.0\checker-compat-qual-2.0.0.jar;C:\WINDOWS\system32\config\systemprofile\.m2\repository\com\google\errorprone\error_prone_annotations\2.1.3\error_prone_annotations-2.1.3.jar;C:\WINDOWS\system32\config\systemprofile\.m2\repository\com\google\j2objc\j2objc-annotations\1.1\j2objc-annotations-1.1.jar;C:\WINDOWS\system32\config\systemprofile\.m2\repository\org\codehaus\mojo\animal-sniffer-annotations\1.14\animal-sniffer-annotations-1.14.jar;C:\WINDOWS\system32\config\systemprofile\.m2\repository\com\squareup\okhttp3\okhttp\3.11.0\okhttp-3.11.0.jar;C:\WINDOWS\system32\config\systemprofile\.m2\repository\com\squareup\okio\okio\1.14.0\okio-1.14.0.jar;C:\WINDOWS\system32\config\systemprofile\.m2\repository\org\seleniumhq\selenium\selenium-server\3.141.59\selenium-server-3.141.59.jar;C:\WINDOWS\system32\config\systemprofile\.m2\repository\com\beust\jcommander\1.72\jcommander-1.72.jar;C:\WINDOWS\system32\config\systemprofile\.m2\repository\net\jcip\jcip-annotations\1.0\jcip-annotations-1.0.jar;C:\WINDOWS\system32\config\systemprofile\.m2\repository\org\seleniumhq\selenium\jetty-repacked\9.4.12.v20180830\jetty-repacked-9.4.12.v20180830.jar;C:\WINDOWS\system32\config\systemprofile\.m2\repository\javax\servlet\javax.servlet-api\3.1.0\javax.servlet-api-3.1.0.jar;C:\WINDOWS\system32\config\systemprofile\.m2\repository\org\yaml\snakeyaml\1.19\snakeyaml-1.19.jar;C:\WINDOWS\system32\config\systemprofile\.m2\repository\org\seleniumhq\selenium\selenium-remote-driver\3.141.59\selenium-remote-driver-3.141.59.jar;C:\WINDOWS\system32\config\systemprofile\.m2\repository\org\seleniumhq\selenium\selenium-chrome-driver\3.141.59\selenium-chrome-driver-3.141.59.jar;C:\WINDOWS\system32\config\systemprofile\.m2\repository\org\seleniumhq\selenium\selenium-firefox-driver\3.141.59\selenium-firefox-driver-3.141.59.jar;C:\WINDOWS\system32\config\systemprofile\.m2\repository\org\testng\testng\7.1.0\testng-7.1.0.jar;C:\WINDOWS\system32\config\systemprofile\.m2\repository\com\google\inject\guice\4.1.0\guice-4.1.0-no_aop.jar;C:\WINDOWS\system32\config\systemprofile\.m2\repository\javax\inject\javax.inject\1\javax.inject-1.jar;C:\WINDOWS\system32\config\systemprofile\.m2\repository\aopalliance\aopalliance\1.0\aopalliance-1.0.jar;C:\WINDOWS\system32\config\systemprofile\.m2\repository\org\seleniumhq\selenium\selenium-api\3.141.59\selenium-api-3.141.59.jar;C:\WINDOWS\system32\config\systemprofile\.m2\repository\org\apache\maven\maven-project\3.0-alpha-2\maven-project-3.0-alpha-2.jar;C:\WINDOWS\system32\config\systemprofile\.m2\repository\org\apache\maven\maven-model\3.0-alpha-2\maven-model-3.0-alpha-2.jar;C:\WINDOWS\system32\config\systemprofile\.m2\repository\org\codehaus\plexus\plexus-utils\1.5.6\plexus-utils-1.5.6.jar;C:\WINDOWS\system32\config\systemprofile\.m2\repository\org\codehaus\plexus\plexus-interpolation\1.1\plexus-interpolation-1.1.jar;C:\WINDOWS\system32\config\systemprofile\.m2\repository\org\apache\maven\maven-compat\3.0-alpha-2\maven-compat-3.0-alpha-2.jar;C:\WINDOWS\system32\config\systemprofile\.m2\repository\org\codehaus\plexus\plexus-component-annotations\1.0-beta-3.0.5\plexus-component-annotations-1.0-beta-3.0.5.jar;C:\WINDOWS\system32\config\systemprofile\.m2\repository\org\apache\maven\wagon\wagon-provider-api\1.0-beta-4\wagon-provider-api-1.0-beta-4.jar;C:\WINDOWS\system32\config\systemprofile\.m2\repository\org\codehaus\plexus\plexus-container-default\1.0-beta-3.0.5\plexus-container-default-1.0-beta-3.0.5.jar;C:\WINDOWS\system32\config\systemprofile\.m2\repository\org\codehaus\plexus\plexus-classworlds\1.4\plexus-classworlds-1.4.jar;C:\WINDOWS\system32\config\systemprofile\.m2\repository\org\apache\xbean\xbean-reflect\3.4\xbean-reflect-3.4.jar;C:\WINDOWS\system32\config\systemprofile\.m2\repository\log4j\log4j\1.2.12\log4j-1.2.12.jar;C:\WINDOWS\system32\config\systemprofile\.m2\repository\commons-logging\commons-logging-api\1.1\commons-logging-api-1.1.jar;C:\WINDOWS\system32\config\systemprofile\.m2\repository\com\google\code\google-collections\google-collect\snapshot-20080530\google-collect-snapshot-20080530.jar;C:\WINDOWS\system32\config\systemprofile\.m2\repository\org\codehaus\woodstox\wstx-asl\3.2.6\wstx-asl-3.2.6.jar;C:\WINDOWS\system32\config\systemprofile\.m2\repository\stax\stax-api\1.0.1\stax-api-1.0.1.jar;C:\WINDOWS\system32\config\systemprofile\.m2\repository\org\sonatype\spice\model-builder\1.3\model-builder-1.3.jar;C:\WINDOWS\system32\config\systemprofile\.m2\repository\org\apache\maven\maven-project-builder\3.0-alpha-2\maven-project-builder-3.0-alpha-2.jar;C:\WINDOWS\system32\config\systemprofile\.m2\repository\org\apache\maven\plugins\maven-dependency-plugin\3.0.1\maven-dependency-plugin-3.0.1.jar;C:\WINDOWS\system32\config\systemprofile\.m2\repository\org\apache\maven\maven-artifact\3.0\maven-artifact-3.0.jar;C:\WINDOWS\system32\config\systemprofile\.m2\repository\org\apache\maven\maven-plugin-api\3.0\maven-plugin-api-3.0.jar;C:\WINDOWS\system32\config\systemprofile\.m2\repository\org\sonatype\sisu\sisu-inject-plexus\1.4.2\sisu-inject-plexus-1.4.2.jar;C:\WINDOWS\system32\config\systemprofile\.m2\repository\org\sonatype\sisu\sisu-inject-bean\1.4.2\sisu-inject-bean-1.4.2.jar;C:\WINDOWS\system32\config\systemprofile\.m2\repository\org\sonatype\sisu\sisu-guice\2.1.7\sisu-guice-2.1.7-noaop.jar;C:\WINDOWS\system32\config\systemprofile\.m2\repository\org\apache\maven\maven-core\3.0\maven-core-3.0.jar;C:\WINDOWS\system32\config\systemprofile\.m2\repository\org\apache\maven\maven-settings\3.0\maven-settings-3.0.jar;C:\WINDOWS\system32\config\systemprofile\.m2\repository\org\apache\maven\maven-settings-builder\3.0\maven-settings-builder-3.0.jar;C:\WINDOWS\system32\config\systemprofile\.m2\repository\org\apache\maven\maven-model-builder\3.0\maven-model-builder-3.0.jar;C:\WINDOWS\system32\config\systemprofile\.m2\repository\org\apache\maven\maven-aether-provider\3.0\maven-aether-provider-3.0.jar;C:\WINDOWS\system32\config\systemprofile\.m2\repository\org\sonatype\aether\aether-impl\1.7\aether-impl-1.7.jar;C:\WINDOWS\system32\config\systemprofile\.m2\repository\org\sonatype\aether\aether-spi\1.7\aether-spi-1.7.jar;C:\WINDOWS\system32\config\systemprofile\.m2\repository\org\sonatype\aether\aether-api\1.7\aether-api-1.7.jar;C:\WINDOWS\system32\config\systemprofile\.m2\repository\org\sonatype\aether\aether-util\1.7\aether-util-1.7.jar;C:\WINDOWS\system32\config\systemprofile\.m2\repository\org\sonatype\plexus\plexus-sec-dispatcher\1.3\plexus-sec-dispatcher-1.3.jar;C:\WINDOWS\system32\config\systemprofile\.m2\repository\org\sonatype\plexus\plexus-cipher\1.4\plexus-cipher-1.4.jar;C:\WINDOWS\system32\config\systemprofile\.m2\repository\org\apache\maven\maven-repository-metadata\3.0\maven-repository-metadata-3.0.jar;C:\WINDOWS\system32\config\systemprofile\.m2\repository\org\apache\maven\reporting\maven-reporting-api\3.0\maven-reporting-api-3.0.jar;C:\WINDOWS\system32\config\systemprofile\.m2\repository\org\apache\maven\reporting\maven-reporting-impl\2.3\maven-reporting-impl-2.3.jar;C:\WINDOWS\system32\config\systemprofile\.m2\repository\org\apache\maven\shared\maven-shared-utils\0.6\maven-shared-utils-0.6.jar;C:\WINDOWS\system32\config\systemprofile\.m2\repository\org\apache\maven\doxia\doxia-core\1.2\doxia-core-1.2.jar;C:\WINDOWS\system32\config\systemprofile\.m2\repository\xerces\xercesImpl\2.9.1\xercesImpl-2.9.1.jar;C:\WINDOWS\system32\config\systemprofile\.m2\repository\xml-apis\xml-apis\1.3.04\xml-apis-1.3.04.jar;C:\WINDOWS\system32\config\systemprofile\.m2\repository\org\apache\httpcomponents\httpclient\4.0.2\httpclient-4.0.2.jar;C:\WINDOWS\system32\config\systemprofile\.m2\repository\org\apache\httpcomponents\httpcore\4.0.1\httpcore-4.0.1.jar;C:\WINDOWS\system32\config\systemprofile\.m2\repository\commons-validator\commons-validator\1.3.1\commons-validator-1.3.1.jar;C:\WINDOWS\system32\config\systemprofile\.m2\repository\commons-beanutils\commons-beanutils\1.7.0\commons-beanutils-1.7.0.jar;C:\WINDOWS\system32\config\systemprofile\.m2\repository\commons-digester\commons-digester\1.6\commons-digester-1.6.jar;C:\WINDOWS\system32\config\systemprofile\.m2\repository\commons-logging\commons-logging\1.0.4\commons-logging-1.0.4.jar;C:\WINDOWS\system32\config\systemprofile\.m2\repository\org\apache\maven\doxia\doxia-sink-api\1.4\doxia-sink-api-1.4.jar;C:\WINDOWS\system32\config\systemprofile\.m2\repository\org\apache\maven\doxia\doxia-logging-api\1.4\doxia-logging-api-1.4.jar;C:\WINDOWS\system32\config\systemprofile\.m2\repository\org\apache\maven\doxia\doxia-site-renderer\1.4\doxia-site-renderer-1.4.jar;C:\WINDOWS\system32\config\systemprofile\.m2\repository\org\apache\maven\doxia\doxia-decoration-model\1.4\doxia-decoration-model-1.4.jar;C:\WINDOWS\system32\config\systemprofile\.m2\repository\org\apache\maven\doxia\doxia-module-xhtml\1.4\doxia-module-xhtml-1.4.jar;C:\WINDOWS\system32\config\systemprofile\.m2\repository\org\apache\maven\doxia\doxia-module-fml\1.4\doxia-module-fml-1.4.jar;C:\WINDOWS\system32\config\systemprofile\.m2\repository\org\codehaus\plexus\plexus-i18n\1.0-beta-7\plexus-i18n-1.0-beta-7.jar;C:\WINDOWS\system32\config\systemprofile\.m2\repository\org\codehaus\plexus\plexus-velocity\1.1.7\plexus-velocity-1.1.7.jar;C:\WINDOWS\system32\config\systemprofile\.m2\repository\org\apache\velocity\velocity\1.5\velocity-1.5.jar;C:\WINDOWS\system32\config\systemprofile\.m2\repository\oro\oro\2.0.8\oro-2.0.8.jar;C:\WINDOWS\system32\config\systemprofile\.m2\repository\org\apache\velocity\velocity-tools\2.0\velocity-tools-2.0.jar;C:\WINDOWS\system32\config\systemprofile\.m2\repository\commons-chain\commons-chain\1.1\commons-chain-1.1.jar;C:\WINDOWS\system32\config\systemprofile\.m2\repository\dom4j\dom4j\1.1\dom4j-1.1.jar;C:\WINDOWS\system32\config\systemprofile\.m2\repository\sslext\sslext\1.2-0\sslext-1.2-0.jar;C:\WINDOWS\system32\config\systemprofile\.m2\repository\org\apache\struts\struts-core\1.3.8\struts-core-1.3.8.jar;C:\WINDOWS\system32\config\systemprofile\.m2\repository\antlr\antlr\2.7.2\antlr-2.7.2.jar;C:\WINDOWS\system32\config\systemprofile\.m2\repository\org\apache\struts\struts-taglib\1.3.8\struts-taglib-1.3.8.jar;C:\WINDOWS\system32\config\systemprofile\.m2\repository\org\apache\struts\struts-tiles\1.3.8\struts-tiles-1.3.8.jar;C:\WINDOWS\system32\config\systemprofile\.m2\repository\org\codehaus\plexus\plexus-archiver\3.4\plexus-archiver-3.4.jar;C:\WINDOWS\system32\config\systemprofile\.m2\repository\org\iq80\snappy\snappy\0.4\snappy-0.4.jar;C:\WINDOWS\system32\config\systemprofile\.m2\repository\org\tukaani\xz\1.5\xz-1.5.jar;C:\WINDOWS\system32\config\systemprofile\.m2\repository\org\apache\maven\shared\file-management\1.2.1\file-management-1.2.1.jar;C:\WINDOWS\system32\config\systemprofile\.m2\repository\org\apache\maven\shared\maven-shared-io\1.1\maven-shared-io-1.1.jar;C:\WINDOWS\system32\config\systemprofile\.m2\repository\org\codehaus\plexus\plexus-io\2.4\plexus-io-2.4.jar;C:\WINDOWS\system32\config\systemprofile\.m2\repository\org\apache\maven\shared\maven-dependency-analyzer\1.7\maven-dependency-analyzer-1.7.jar;C:\WINDOWS\system32\config\systemprofile\.m2\repository\org\ow2\asm\asm\5.0.2\asm-5.0.2.jar;C:\WINDOWS\system32\config\systemprofile\.m2\repository\org\apache\maven\shared\maven-dependency-tree\3.0.1\maven-dependency-tree-3.0.1.jar;C:\WINDOWS\system32\config\systemprofile\.m2\repository\org\eclipse\aether\aether-util\0.9.0.M2\aether-util-0.9.0.M2.jar;C:\WINDOWS\system32\config\systemprofile\.m2\repository\org\apache\maven\shared\maven-common-artifact-filters\3.0.1\maven-common-artifact-filters-3.0.1.jar;C:\WINDOWS\system32\config\systemprofile\.m2\repository\org\apache\maven\shared\maven-artifact-transfer\0.9.1\maven-artifact-transfer-0.9.1.jar;C:\WINDOWS\system32\config\systemprofile\.m2\repository\org\slf4j\slf4j-api\1.7.5\slf4j-api-1.7.5.jar;C:\WINDOWS\system32\config\systemprofile\.m2\repository\commons-lang\commons-lang\2.6\commons-lang-2.6.jar;C:\WINDOWS\system32\config\systemprofile\.m2\repository\commons-collections\commons-collections\3.2.2\commons-collections-3.2.2.jar;C:\WINDOWS\system32\config\systemprofile\.m2\repository\classworlds\classworlds\1.1\classworlds-1.1.jar;C:\WINDOWS\system32\config\systemprofile\.m2\repository\commons-io\commons-io\2.6\commons-io-2.6.jar;C:\WINDOWS\system32\config\systemprofile\.m2\repository\org\apache\poi\poi\4.0.0\poi-4.0.0.jar;C:\WINDOWS\system32\config\systemprofile\.m2\repository\commons-codec\commons-codec\1.10\commons-codec-1.10.jar;C:\WINDOWS\system32\config\systemprofile\.m2\repository\org\apache\commons\commons-collections4\4.2\commons-collections4-4.2.jar;C:\WINDOWS\system32\config\systemprofile\.m2\repository\org\apache\poi\poi-ooxml\4.0.0\poi-ooxml-4.0.0.jar;C:\WINDOWS\system32\config\systemprofile\.m2\repository\org\apache\poi\poi-ooxml-schemas\4.0.0\poi-ooxml-schemas-4.0.0.jar;C:\WINDOWS\system32\config\systemprofile\.m2\repository\org\apache\xmlbeans\xmlbeans\3.0.1\xmlbeans-3.0.1.jar;C:\WINDOWS\system32\config\systemprofile\.m2\repository\org\apache\commons\commons-compress\1.18\commons-compress-1.18.jar;C:\WINDOWS\system32\config\systemprofile\.m2\repository\com\github\virtuald\curvesapi\1.04\curvesapi-1.04.jar;C:\WINDOWS\system32\config\systemprofile\.m2\repository\io\cucumber\cucumber-junit\1.2.6\cucumber-junit-1.2.6.jar;C:\WINDOWS\system32\config\systemprofile\.m2\repository\io\cucumber\cucumber-core\1.2.6\cucumber-core-1.2.6.jar;C:\WINDOWS\system32\config\systemprofile\.m2\repository\junit\junit\4.12\junit-4.12.jar;C:\WINDOWS\system32\config\systemprofile\.m2\repository\org\hamcrest\hamcrest-core\1.3\hamcrest-core-1.3.jar;C:\WINDOWS\system32\config\systemprofile\.m2\repository\info\cukes\cucumber-java\1.2.5\cucumber-java-1.2.5.jar;C:\WINDOWS\system32\config\systemprofile\.m2\repository\info\cukes\cucumber-core\1.2.5\cucumber-core-1.2.5.jar;C:\WINDOWS\system32\config\systemprofile\.m2\repository\info\cukes\cucumber-html\0.2.3\cucumber-html-0.2.3.jar;C:\WINDOWS\system32\config\systemprofile\.m2\repository\info\cukes\cucumber-jvm-deps\1.0.5\cucumber-jvm-deps-1.0.5.jar;C:\WINDOWS\system32\config\systemprofile\.m2\repository\info\cukes\gherkin\2.12.2\gherkin-2.12.2.jar;C:\WINDOWS\system32\config\systemprofile\.m2\repository\com\codoid\products\fillo\1.18\fillo-1.18.jar;"/>
    <property name="sun.cpu.endian" value="little"/>
    <property name="user.home" value="C:\WINDOWS\system32\config\systemprofile"/>
    <property name="user.language" value="en"/>
    <property name="java.specification.vendor" value="Oracle Corporation"/>
    <property name="java.version.date" value="2020-04-14"/>
    <property name="java.home" value="C:\Program Files\Java\jdk-14.0.1"/>
    <property name="file.separator" value="\"/>
    <property name="basedir" value="I:\Courses and materials\Practice scripts\com.myselenium.ether\robot"/>
    <property name="java.vm.compressedOopsMode" value="32-bit"/>
    <property name="line.separator" value="&#10;"/>
    <property name="java.vm.specification.vendor" value="Oracle Corporation"/>
    <property name="java.specification.name" value="Java Platform API Specification"/>
    <property name="surefire.real.class.path" value="C:\WINDOWS\TEMP\surefire3003335400130000255\surefirebooter2045119752728345203.jar"/>
    <property name="user.script" value=""/>
    <property name="sun.management.compiler" value="HotSpot 64-Bit Tiered Compilers"/>
    <property name="java.runtime.version" value="14.0.1+7"/>
    <property name="user.name" value="AJJU$"/>
    <property name="path.separator" value=";"/>
    <property name="os.version" value="10.0"/>
    <property name="java.runtime.name" value="Java(TM) SE Runtime Environment"/>
    <property name="file.encoding" value="Cp1252"/>
    <property name="java.vm.name" value="Java HotSpot(TM) 64-Bit Server VM"/>
    <property name="localRepository" value="C:\WINDOWS\system32\config\systemprofile\.m2\repository"/>
    <property name="java.vendor.url.bug" value="https://bugreport.java.com/bugreport/"/>
    <property name="java.io.tmpdir" value="C:\WINDOWS\TEMP\"/>
    <property name="java.version" value="14.0.1"/>
    <property name="user.dir" value="I:\Courses and materials\Practice scripts\com.myselenium.ether\robot"/>
    <property name="os.arch" value="amd64"/>
    <property name="java.vm.specification.name" value="Java Virtual Machine Specification"/>
    <property name="sun.os.patch.level" value=""/>
    <property name="java.library.path" value="C:\Program Files\Java\jdk-14.0.1\bin;C:\WINDOWS\Sun\Java\bin;C:\WINDOWS\system32;C:\WINDOWS;I:\Courses and materials\apache-maven-3.6.3-bin\apache-maven-3.6.3/bin;C:\Program Files\Java\jdk-14.0.1/bin;C:\Program Files\Java\jdk-14.0.1/bin;C:\Program Files (x86)\Common Files\Oracle\Java\javapath;C:\ProgramData\Oracle\Java\javapath;C:\Program Files (x86)\Intel\iCLS Client\;C:\Program Files\Intel\iCLS Client\;C:\WINDOWS\system32;C:\WINDOWS;C:\WINDOWS\System32\Wbem;C:\WINDOWS\System32\WindowsPowerShell\v1.0\;C:\Program Files (x86)\Intel\Intel(R) Management Engine Components\DAL;C:\Program Files\Intel\Intel(R) Management Engine Components\DAL;C:\Program Files (x86)\Intel\Intel(R) Management Engine Components\IPT;C:\Program Files\Intel\Intel(R) Management Engine Components\IPT;C:\Program Files (x86)\NVIDIA Corporation\PhysX\Common;C:\WINDOWS\System32\OpenSSH\;C:\Program Files\NVIDIA Corporation\NVIDIA NvDLISR;%SystemRoot%\system32;%SystemRoot%;%SystemRoot%\System32\Wbem;%SYSTEMROOT%\System32\WindowsPowerShell\v1.0\;%SYSTEMROOT%\System32\OpenSSH\;I:\Courses and materials\Java\java-se-8u41-ri\bin;I:\Courses and materials\apache-maven-3.6.3-bin\apache-maven-3.6.3;I:\Courses and materials\apache-maven-3.6.3-bin\apache-maven-3.6.3\bin;C:\Program Files\Git\cmd;C:\WINDOWS\system32\config\systemprofile\AppData\Local\Microsoft\WindowsApps;."/>
    <property name="java.vm.info" value="mixed mode, sharing"/>
    <property name="java.vendor" value="Oracle Corporation"/>
    <property name="java.vm.version" value="14.0.1+7"/>
    <property name="sun.io.unicode.encoding" value="UnicodeLittle"/>
    <property name="java.class.version" value="58.0"/>
  </properties>
  <testcase name="Demomethod" classname="robot.Robot1" time="5.696"/>
</testsuite>