<?xml version="1.0" encoding="UTF-8"?>
<!-- Generated by org.testng.reporters.JUnitReportReporter -->
<testsuite hostname="Ajju" failures="0" tests="1" name="robot.Robot1" time="5.690" errors="0" timestamp="2020-05-29T15:12:48 IST" skipped="0">
  <testcase classname="robot.Robot1" name="Demomethod" time="5.690"/>
  <system-out/>
</testsuite> <!-- robot.Robot1 -->
